<?xml version="1.0" encoding="UTF-8"?>
<beans xmlns="http://www.springframework.org/schema/beans"
	xmlns:xsi="http://www.w3.org/2001/XMLSchema-instance" xmlns:aop="http://www.springframework.org/schema/aop"
	xmlns:tx="http://www.springframework.org/schema/tx"
	xsi:schemaLocation="
       http://www.springframework.org/schema/beans http://www.springframework.org/schema/beans/spring-beans-3.0.xsd
       http://www.springframework.org/schema/tx http://www.springframework.org/schema/tx/spring-tx-3.0.xsd
       http://www.springframework.org/schema/aop http://www.springframework.org/schema/aop/spring-aop-3.0.xsd">

	<!-- Trun on Spring's auotproxy using AspectJ's @Aspect annotations. -->
	<aop:aspectj-autoproxy />

	<!-- This is serving as the JDBC connection pool -->
	<bean id="dataSourcePool" class="org.apache.commons.dbcp2.BasicDataSource"
		destroy-method="close">
		<property name="driverClassName" value="com.mysql.jdbc.Driver"/>
		<property name="url" value="#{ systemProperties['jdbc.url'] }" />
		<property name="username" value="#{ systemProperties['jdbc.username'] }" />
		<property name="password" value="#{ systemProperties['jdbc.password'] }" />
		<!-- This will test a connection to see if it is alive when a connection 
			is fetched from the pool -->
		<property name="testOnBorrow" value="true"/>
		<!-- This is the SQL uses to test if a connection is alive -->
		<property name="validationQuery" value = "SELECT 1" />
	</bean>
	
	<bean id="transactionManager" class="org.springframework.jdbc.datasource.DataSourceTransactionManager">
			<constructor-arg ref="dataSourcePool"></constructor-arg>
	</bean>
	
	<bean id="semaphore"
		class="org.sagebionetworks.database.semaphore.CountingSemaphoreImpl">
		<constructor-arg ref="dataSourcePool"></constructor-arg>
		<constructor-arg ref="transactionManager"></constructor-arg>
	</bean>
	
	<bean id="writeReadsemaphore"
		class="org.sagebionetworks.database.semaphore.WriteReadSemaphoreImpl">
		<constructor-arg ref="dataSourcePool"></constructor-arg>
		<constructor-arg ref="transactionManager"></constructor-arg>
	</bean>
</beans>